<?xml version="1.0" encoding="utf-8"?>
<test-run id="2" name="Reflection.Differentiation.exe" fullname="/home/svet/uni/csharp/HW-6/differentiate/bin/Debug/Reflection.Differentiation.exe" testcasecount="13" result="Failed" start-time="2023-04-07 17:45:06Z" end-time="2023-04-07 17:45:06Z" duration="0.165970" total="13" passed="12" failed="1" inconclusive="0" skipped="0" asserts="565" random-seed="2018372184">
  <command-line><![CDATA[/home/svet/uni/csharp/HW-6/differentiate/bin/Debug/Reflection.Differentiation.exe]]></command-line>
  <filter />
  <test-suite type="Assembly" id="1014" name="Reflection.Differentiation.exe" fullname="/home/svet/uni/csharp/HW-6/differentiate/bin/Debug/Reflection.Differentiation.exe" runstate="Runnable" testcasecount="13" result="Failed" site="Child" start-time="2023-04-07 17:45:06Z" end-time="2023-04-07 17:45:06Z" duration="0.165970" total="13" passed="12" failed="1" warnings="0" inconclusive="0" skipped="0" asserts="565">
    <environment framework-version="3.6.0.0" clr-version="4.0.30319.42000" os-version="Unix 6.1.21.1" platform="Unix" cwd="/home/svet/uni/csharp/HW-6/differentiate/bin/Debug" machine-name="svet-mi" user="svet" user-domain="svet-mi" culture="en-US" uiculture="en-US" os-architecture="x64" />
    <settings>
      <setting name="WorkDirectory" value="/home/svet/uni/csharp/HW-6/differentiate/bin/Debug" />
      <setting name="NumberOfTestWorkers" value="8" />
    </settings>
    <properties>
      <property name="_PID" value="6946" />
      <property name="_APPDOMAIN" value="Reflection.Differentiation.exe" />
    </properties>
    <failure>
      <message><![CDATA[One or more child tests had errors]]></message>
    </failure>
    <test-suite type="TestSuite" id="1015" name="Reflection" fullname="Reflection" runstate="Runnable" testcasecount="13" result="Failed" site="Child" start-time="2023-04-07 17:45:06Z" end-time="2023-04-07 17:45:06Z" duration="0.140936" total="13" passed="12" failed="1" warnings="0" inconclusive="0" skipped="0" asserts="565">
      <failure>
        <message><![CDATA[One or more child tests had errors]]></message>
      </failure>
      <test-suite type="TestSuite" id="1016" name="Differentiation" fullname="Reflection.Differentiation" runstate="Runnable" testcasecount="13" result="Failed" site="Child" start-time="2023-04-07 17:45:06Z" end-time="2023-04-07 17:45:06Z" duration="0.138270" total="13" passed="12" failed="1" warnings="0" inconclusive="0" skipped="0" asserts="565">
        <failure>
          <message><![CDATA[One or more child tests had errors]]></message>
        </failure>
        <test-suite type="TestFixture" id="1000" name="Algebra_should" fullname="Reflection.Differentiation.Algebra_should" classname="Reflection.Differentiation.Algebra_should" runstate="Runnable" testcasecount="13" result="Failed" site="Child" start-time="2023-04-07 17:45:06Z" end-time="2023-04-07 17:45:06Z" duration="0.134622" total="13" passed="12" failed="1" warnings="0" inconclusive="0" skipped="0" asserts="565">
          <failure>
            <message><![CDATA[One or more child tests had errors]]></message>
          </failure>
          <test-case id="1011" name="DifferentiateComplexExpression" fullname="Reflection.Differentiation.Algebra_should.DifferentiateComplexExpression" methodname="DifferentiateComplexExpression" classname="Reflection.Differentiation.Algebra_should" runstate="Runnable" seed="624938172" result="Passed" start-time="2023-04-07 17:45:06Z" end-time="2023-04-07 17:45:06Z" duration="0.071693" asserts="51" />
          <test-case id="1001" name="DifferentiateConstant" fullname="Reflection.Differentiation.Algebra_should.DifferentiateConstant" methodname="DifferentiateConstant" classname="Reflection.Differentiation.Algebra_should" runstate="Runnable" seed="241439955" result="Passed" start-time="2023-04-07 17:45:06Z" end-time="2023-04-07 17:45:06Z" duration="0.000431" asserts="51" />
          <test-case id="1009" name="DifferentiateCos1" fullname="Reflection.Differentiation.Algebra_should.DifferentiateCos1" methodname="DifferentiateCos1" classname="Reflection.Differentiation.Algebra_should" runstate="Runnable" seed="1322100558" result="Passed" start-time="2023-04-07 17:45:06Z" end-time="2023-04-07 17:45:06Z" duration="0.000463" asserts="51" />
          <test-case id="1010" name="DifferentiateCos2" fullname="Reflection.Differentiation.Algebra_should.DifferentiateCos2" methodname="DifferentiateCos2" classname="Reflection.Differentiation.Algebra_should" runstate="Runnable" seed="191571801" result="Passed" start-time="2023-04-07 17:45:06Z" end-time="2023-04-07 17:45:06Z" duration="0.000495" asserts="51" />
          <test-case id="1003" name="DifferentiateLinearFunction" fullname="Reflection.Differentiation.Algebra_should.DifferentiateLinearFunction" methodname="DifferentiateLinearFunction" classname="Reflection.Differentiation.Algebra_should" runstate="Runnable" seed="1174474912" result="Passed" start-time="2023-04-07 17:45:06Z" end-time="2023-04-07 17:45:06Z" duration="0.000390" asserts="51" />
          <test-case id="1002" name="DifferentiateParameter" fullname="Reflection.Differentiation.Algebra_should.DifferentiateParameter" methodname="DifferentiateParameter" classname="Reflection.Differentiation.Algebra_should" runstate="Runnable" seed="424697452" result="Passed" start-time="2023-04-07 17:45:06Z" end-time="2023-04-07 17:45:06Z" duration="0.000268" asserts="51" />
          <test-case id="1004" name="DifferentiateQuadraticFunction" fullname="Reflection.Differentiation.Algebra_should.DifferentiateQuadraticFunction" methodname="DifferentiateQuadraticFunction" classname="Reflection.Differentiation.Algebra_should" runstate="Runnable" seed="1239334536" result="Passed" start-time="2023-04-07 17:45:06Z" end-time="2023-04-07 17:45:06Z" duration="0.000400" asserts="51" />
          <test-case id="1007" name="DifferentiateSin1" fullname="Reflection.Differentiation.Algebra_should.DifferentiateSin1" methodname="DifferentiateSin1" classname="Reflection.Differentiation.Algebra_should" runstate="Runnable" seed="608227914" result="Passed" start-time="2023-04-07 17:45:06Z" end-time="2023-04-07 17:45:06Z" duration="0.000765" asserts="51" />
          <test-case id="1008" name="DifferentiateSin2" fullname="Reflection.Differentiation.Algebra_should.DifferentiateSin2" methodname="DifferentiateSin2" classname="Reflection.Differentiation.Algebra_should" runstate="Runnable" seed="343102340" result="Passed" start-time="2023-04-07 17:45:06Z" end-time="2023-04-07 17:45:06Z" duration="0.000519" asserts="51" />
          <test-case id="1005" name="DifferentiateSum" fullname="Reflection.Differentiation.Algebra_should.DifferentiateSum" methodname="DifferentiateSum" classname="Reflection.Differentiation.Algebra_should" runstate="Runnable" seed="659982139" result="Passed" start-time="2023-04-07 17:45:06Z" end-time="2023-04-07 17:45:06Z" duration="0.000585" asserts="51" />
          <test-case id="1006" name="DifferentiateSumAndProduct" fullname="Reflection.Differentiation.Algebra_should.DifferentiateSumAndProduct" methodname="DifferentiateSumAndProduct" classname="Reflection.Differentiation.Algebra_should" runstate="Runnable" seed="1144928119" result="Passed" start-time="2023-04-07 17:45:06Z" end-time="2023-04-07 17:45:06Z" duration="0.000462" asserts="51" />
          <test-case id="1012" name="InformativeMessage_OnNotSupportedSyntax" fullname="Reflection.Differentiation.Algebra_should.InformativeMessage_OnNotSupportedSyntax" methodname="InformativeMessage_OnNotSupportedSyntax" classname="Reflection.Differentiation.Algebra_should" runstate="Runnable" seed="162751970" result="Passed" start-time="2023-04-07 17:45:06Z" end-time="2023-04-07 17:45:06Z" duration="0.007242" asserts="2" />
          <test-case id="1013" name="InformativeMessage_OnUnknownFunction" fullname="Reflection.Differentiation.Algebra_should.InformativeMessage_OnUnknownFunction" methodname="InformativeMessage_OnUnknownFunction" classname="Reflection.Differentiation.Algebra_should" runstate="Runnable" seed="1278472148" result="Failed" start-time="2023-04-07 17:45:06Z" end-time="2023-04-07 17:45:06Z" duration="0.011317" asserts="2">
            <failure>
              <message><![CDATA[  Expected: String containing "Max"
  But was:  "Unsupported method call"
]]></message>
              <stack-trace><![CDATA[at Reflection.Differentiation.Algebra_should.InformativeMessage_OnUnknownFunction () [0x00036] in <ccb588557be34ac6ab37ca775fe91ce2>:0
]]></stack-trace>
            </failure>
            <assertions>
              <assertion result="Failed">
                <message><![CDATA[  Expected: String containing "Max"
  But was:  "Unsupported method call"
]]></message>
                <stack-trace><![CDATA[at Reflection.Differentiation.Algebra_should.InformativeMessage_OnUnknownFunction () [0x00000] in <ccb588557be34ac6ab37ca775fe91ce2>:0
]]></stack-trace>
              </assertion>
            </assertions>
          </test-case>
        </test-suite>
      </test-suite>
    </test-suite>
  </test-suite>
</test-run>